2016-06-24 09:33:54,196 - root - INFO - start executing dayIndexData function - [EtlController.py:13]
2016-06-24 09:33:54,758 - root - INFO - api 调用用时 0.003544 ms - [Client.py:129]
2016-06-24 09:33:54,758 - root - INFO - sql execute:............... - [Mysql.py:132]
2016-06-24 09:35:59,793 - root - INFO - start executing dayIndexData function - [EtlController.py:13]
2016-06-24 09:36:00,567 - root - INFO - api 调用用时 0.011495 ms - [Client.py:129]
2016-06-24 09:38:27,902 - root - INFO - sql execute:............... - [Mysql.py:132]
2016-06-24 09:44:15,339 - root - INFO - start executing dayIndexData function - [EtlController.py:13]
2016-06-24 09:44:15,860 - root - INFO - api 调用用时 0.003472 ms - [Client.py:129]
2016-06-24 09:44:15,861 - root - INFO - sql execute:............... - [Mysql.py:132]
2016-06-24 09:46:12,681 - root - INFO - __query used 0.000147 second - [DateUtil.py:15]
2016-06-24 09:46:12,681 - root - INFO - delete used 0.000321 second - [DateUtil.py:15]
2016-06-24 09:46:12,681 - root - INFO - end used 5.1e-05 second - [DateUtil.py:15]
2016-06-24 09:46:12,681 - root - INFO - dispose used 0.000162 second - [DateUtil.py:15]
2016-06-24 09:46:12,682 - root - INFO - sql execute:............... - [Mysql.py:132]
2016-06-24 09:46:12,691 - root - INFO - insertMany used 0.000355 second - [DateUtil.py:15]
2016-06-24 09:46:12,761 - root - INFO - end used 4.3e-05 second - [DateUtil.py:15]
2016-06-24 09:46:12,762 - root - INFO - dispose used 0.000409 second - [DateUtil.py:15]
2016-06-24 09:46:59,610 - root - INFO - __query used 0.000115 second - [DateUtil.py:15]
2016-06-24 09:46:59,610 - root - INFO - delete used 0.000365 second - [DateUtil.py:15]
2016-06-24 09:46:59,611 - root - INFO - end used 8.60000000005e-05 second - [DateUtil.py:15]
2016-06-24 09:46:59,611 - root - INFO - dispose used 0.000247 second - [DateUtil.py:15]
2016-06-24 09:46:59,612 - root - INFO - sql execute:............... - [Mysql.py:132]
2016-06-24 09:46:59,636 - root - INFO - insertMany used 0.00052 second - [DateUtil.py:15]
2016-06-24 09:46:59,685 - root - INFO - end used 5.7e-05 second - [DateUtil.py:15]
2016-06-24 09:46:59,685 - root - INFO - dispose used 0.000314 second - [DateUtil.py:15]
2016-06-24 09:47:00,238 - root - INFO - __query used 9.70000000002e-05 second - [DateUtil.py:15]
2016-06-24 09:47:00,238 - root - INFO - delete used 0.000265 second - [DateUtil.py:15]
2016-06-24 09:47:00,238 - root - INFO - end used 3.99999999994e-05 second - [DateUtil.py:15]
2016-06-24 09:47:00,238 - root - INFO - dispose used 0.000188 second - [DateUtil.py:15]
2016-06-24 09:47:00,240 - root - INFO - sql execute:............... - [Mysql.py:132]
2016-06-24 09:47:00,249 - root - INFO - insertMany used 0.000221000000001 second - [DateUtil.py:15]
2016-06-24 09:47:00,310 - root - INFO - end used 0.00012 second - [DateUtil.py:15]
2016-06-24 09:47:00,310 - root - INFO - dispose used 0.000433 second - [DateUtil.py:15]
2016-06-24 10:00:47,622 - root - INFO - start executing dayIndexData function - [EtlController.py:13]
2016-06-24 10:00:48,163 - root - INFO - api 调用用时 0.012579 ms - [Client.py:129]
2016-06-24 10:00:56,802 - root - INFO - sql execute:............... - [Mysql.py:132]
2016-06-24 10:00:56,805 - root - INFO - insertMany used 0.001969 second - [DateUtil.py:15]
2016-06-24 10:00:56,842 - root - INFO - end used 0.000389 second - [DateUtil.py:15]
2016-06-24 10:00:56,843 - root - INFO - dispose used 0.000988 second - [DateUtil.py:15]
2016-06-24 10:00:58,825 - root - INFO - start executing dayStockData function - [EtlController.py:15]
2016-06-24 10:00:59,964 - root - INFO - api 调用用时 0.024888 ms - [Client.py:129]
2016-06-24 10:01:00,338 - root - INFO - api 调用用时 0.016345 ms - [Client.py:129]
2016-06-24 10:01:00,724 - root - INFO - api 调用用时 0.020839 ms - [Client.py:129]
2016-06-24 10:01:01,122 - root - INFO - api 调用用时 0.023929 ms - [Client.py:129]
2016-06-24 10:01:01,543 - root - INFO - api 调用用时 0.046758 ms - [Client.py:129]
2016-06-24 10:01:01,856 - root - INFO - api 调用用时 0.015272 ms - [Client.py:129]
2016-06-24 10:01:32,312 - root - INFO - sql execute:............... - [Mysql.py:132]
2016-06-24 10:01:32,333 - root - INFO - insertMany used 0.001383 second - [DateUtil.py:15]
2016-06-24 10:01:32,384 - root - INFO - end used 0.000407 second - [DateUtil.py:15]
2016-06-24 10:01:32,385 - root - INFO - dispose used 0.000996 second - [DateUtil.py:15]
2016-06-24 10:01:33,509 - root - INFO - start executing industryData function - [EtlController.py:17]
2016-06-24 10:01:45,792 - root - INFO - __query used 0.000462000000001 second - [DateUtil.py:15]
2016-06-24 10:01:45,792 - root - INFO - delete used 0.001121 second - [DateUtil.py:15]
2016-06-24 10:01:45,793 - root - INFO - end used 0.000116999999999 second - [DateUtil.py:15]
2016-06-24 10:01:45,794 - root - INFO - dispose used 0.000951000000001 second - [DateUtil.py:15]
2016-06-24 10:01:45,797 - root - INFO - sql execute:............... - [Mysql.py:132]
2016-06-24 10:01:45,810 - root - INFO - insertMany used 0.001225 second - [DateUtil.py:15]
2016-06-24 10:01:45,872 - root - INFO - end used 0.000344999999999 second - [DateUtil.py:15]
2016-06-24 10:01:45,872 - root - INFO - dispose used 0.001099 second - [DateUtil.py:15]
2016-06-24 10:02:18,159 - root - INFO - start executing conceptData function - [EtlController.py:19]
2016-06-24 10:02:56,934 - root - INFO - __query used 0.000336000000001 second - [DateUtil.py:15]
2016-06-24 10:02:56,934 - root - INFO - delete used 0.000682000000001 second - [DateUtil.py:15]
2016-06-24 10:02:56,935 - root - INFO - end used 6.00000000013e-05 second - [DateUtil.py:15]
2016-06-24 10:02:56,935 - root - INFO - dispose used 0.000474000000001 second - [DateUtil.py:15]
2016-06-24 10:02:56,937 - root - INFO - sql execute:............... - [Mysql.py:132]
2016-06-24 10:02:56,959 - root - INFO - insertMany used 0.000997999999999 second - [DateUtil.py:15]
2016-06-24 10:02:57,016 - root - INFO - end used 0.000232999999998 second - [DateUtil.py:15]
2016-06-24 10:02:57,017 - root - INFO - dispose used 0.001088 second - [DateUtil.py:15]
2016-06-24 10:04:37,771 - root - INFO - start executing regionData function - [EtlController.py:21]
2016-06-24 10:04:38,782 - root - INFO - __query used 0.000329000000001 second - [DateUtil.py:15]
2016-06-24 10:04:38,782 - root - INFO - delete used 0.000740999999998 second - [DateUtil.py:15]
2016-06-24 10:04:38,782 - root - INFO - end used 7.39999999979e-05 second - [DateUtil.py:15]
2016-06-24 10:04:38,783 - root - INFO - dispose used 0.000543 second - [DateUtil.py:15]
2016-06-24 10:04:38,785 - root - INFO - sql execute:............... - [Mysql.py:132]
2016-06-24 10:04:38,794 - root - INFO - insertMany used 0.000630000000001 second - [DateUtil.py:15]
2016-06-24 10:04:38,866 - root - INFO - end used 0.000406999999999 second - [DateUtil.py:15]
2016-06-24 10:04:38,868 - root - INFO - dispose used 0.001755 second - [DateUtil.py:15]
2016-06-24 10:07:00,776 - root - INFO - start executing dayIndexData function - [EtlController.py:13]
2016-06-24 10:07:01,370 - root - INFO - api 调用用时 0.004388 ms - [Client.py:129]
2016-06-24 10:07:01,371 - root - INFO - sql execute:............... - [Mysql.py:132]
2016-06-24 10:07:01,372 - root - INFO - insertMany used 0.000284 second - [DateUtil.py:15]
2016-06-24 10:07:01,403 - root - INFO - end used 4.7e-05 second - [DateUtil.py:15]
2016-06-24 10:07:01,403 - root - INFO - dispose used 0.000384 second - [DateUtil.py:15]
2016-06-24 10:07:01,403 - root - INFO - start executing dayStockData function - [EtlController.py:15]
2016-06-24 10:07:02,837 - root - INFO - api 调用用时 0.007621 ms - [Client.py:129]
2016-06-24 10:07:04,889 - root - INFO - api 调用用时 0.008562 ms - [Client.py:129]
2016-06-24 10:07:06,469 - root - INFO - api 调用用时 0.007081 ms - [Client.py:129]
2016-06-24 10:07:06,829 - root - INFO - api 调用用时 0.011571 ms - [Client.py:129]
2016-06-24 10:07:07,230 - root - INFO - api 调用用时 0.007687 ms - [Client.py:129]
2016-06-24 10:07:07,539 - root - INFO - api 调用用时 0.00531 ms - [Client.py:129]
2016-06-24 10:07:07,959 - root - INFO - sql execute:............... - [Mysql.py:132]
2016-06-24 10:07:07,975 - root - INFO - insertMany used 0.000641 second - [DateUtil.py:15]
2016-06-24 10:07:08,053 - root - INFO - end used 8.1e-05 second - [DateUtil.py:15]
2016-06-24 10:07:08,053 - root - INFO - dispose used 0.000409 second - [DateUtil.py:15]
2016-06-24 10:07:08,055 - root - INFO - start executing industryData function - [EtlController.py:17]
2016-06-24 10:07:18,773 - root - INFO - __query used 0.000145 second - [DateUtil.py:15]
2016-06-24 10:07:18,773 - root - INFO - delete used 0.000386 second - [DateUtil.py:15]
2016-06-24 10:07:18,774 - root - INFO - end used 6.29999999999e-05 second - [DateUtil.py:15]
2016-06-24 10:07:18,774 - root - INFO - dispose used 0.000293 second - [DateUtil.py:15]
2016-06-24 10:07:18,775 - root - INFO - sql execute:............... - [Mysql.py:132]
2016-06-24 10:07:18,784 - root - INFO - insertMany used 0.000344 second - [DateUtil.py:15]
2016-06-24 10:07:18,868 - root - INFO - end used 4.90000000002e-05 second - [DateUtil.py:15]
2016-06-24 10:07:18,868 - root - INFO - dispose used 0.000442 second - [DateUtil.py:15]
2016-06-24 10:07:18,869 - root - INFO - start executing conceptData function - [EtlController.py:19]
2016-06-24 10:07:50,750 - root - INFO - __query used 0.000163000000001 second - [DateUtil.py:15]
2016-06-24 10:07:50,750 - root - INFO - delete used 0.000389 second - [DateUtil.py:15]
2016-06-24 10:07:50,751 - root - INFO - end used 8.30000000001e-05 second - [DateUtil.py:15]
2016-06-24 10:07:50,751 - root - INFO - dispose used 0.000347999999999 second - [DateUtil.py:15]
2016-06-24 10:07:50,752 - root - INFO - sql execute:............... - [Mysql.py:132]
2016-06-24 10:07:50,776 - root - INFO - insertMany used 0.000579 second - [DateUtil.py:15]
2016-06-24 10:07:50,832 - root - INFO - end used 0.000105 second - [DateUtil.py:15]
2016-06-24 10:07:50,832 - root - INFO - dispose used 0.000358 second - [DateUtil.py:15]
2016-06-24 10:07:50,834 - root - INFO - start executing regionData function - [EtlController.py:21]
2016-06-24 10:07:51,396 - root - INFO - __query used 0.000133 second - [DateUtil.py:15]
2016-06-24 10:07:51,396 - root - INFO - delete used 0.000340999999999 second - [DateUtil.py:15]
2016-06-24 10:07:51,397 - root - INFO - end used 5.7e-05 second - [DateUtil.py:15]
2016-06-24 10:07:51,397 - root - INFO - dispose used 0.000225 second - [DateUtil.py:15]
2016-06-24 10:07:51,398 - root - INFO - sql execute:............... - [Mysql.py:132]
2016-06-24 10:07:51,406 - root - INFO - insertMany used 0.000276999999999 second - [DateUtil.py:15]
2016-06-24 10:07:51,472 - root - INFO - end used 0.000114 second - [DateUtil.py:15]
2016-06-24 10:07:51,473 - root - INFO - dispose used 0.000425 second - [DateUtil.py:15]
